<?xml version="1.0" encoding="UTF-8"?>
<!-- Generated by org.testng.reporters.JUnitXMLReporter -->
<testsuite ignored="0" hostname="SARAVANAN-PC" failures="0" tests="4" name="Default test" time="0.052" errors="0" timestamp="10 Apr 2021 10:59:24 GMT">
  <testcase classname="framep.Prior" name="b" time="0.011"/>
  <testcase classname="framep.Prior" name="d" time="0.002"/>
  <testcase classname="framep.Prior" name="a" time="0.005"/>
  <testcase classname="framep.Prior" name="c" time="0.002"/>
</testsuite> <!-- Default test -->
