<?xml version="1.0" encoding="UTF-8"?>
<testng-results ignored="0" total="4" passed="4" failed="0" skipped="0">
  <reporter-output>
  </reporter-output>
  <suite started-at="2021-04-10T10:59:24Z" name="Default suite" finished-at="2021-04-10T10:59:24Z" duration-ms="52">
    <groups>
    </groups>
    <test started-at="2021-04-10T10:59:24Z" name="Default test" finished-at="2021-04-10T10:59:24Z" duration-ms="52">
      <class name="framep.Prior">
        <test-method signature="b()[pri:0, instance:framep.Prior@436a4e4b]" started-at="2021-04-10T16:29:24Z" name="b" finished-at="2021-04-10T16:29:24Z" duration-ms="11" status="PASS">
          <reporter-output>
          </reporter-output>
        </test-method> <!-- b -->
        <test-method signature="d()[pri:0, instance:framep.Prior@436a4e4b]" started-at="2021-04-10T16:29:24Z" name="d" finished-at="2021-04-10T16:29:24Z" duration-ms="2" status="PASS">
          <reporter-output>
          </reporter-output>
        </test-method> <!-- d -->
        <test-method signature="a()[pri:1, instance:framep.Prior@436a4e4b]" started-at="2021-04-10T16:29:24Z" name="a" finished-at="2021-04-10T16:29:24Z" duration-ms="5" status="PASS">
          <reporter-output>
          </reporter-output>
        </test-method> <!-- a -->
        <test-method signature="c()[pri:1, instance:framep.Prior@436a4e4b]" started-at="2021-04-10T16:29:24Z" name="c" finished-at="2021-04-10T16:29:24Z" duration-ms="2" status="PASS">
          <reporter-output>
          </reporter-output>
        </test-method> <!-- c -->
      </class> <!-- framep.Prior -->
    </test> <!-- Default test -->
  </suite> <!-- Default suite -->
</testng-results>
